c:\users\thepr\desktop\proiectpoorefactorized\proiectpoo\debug\vc143.pdb
c:\users\thepr\desktop\proiectpoorefactorized\proiectpoo\debug\vc143.idb
c:\users\thepr\desktop\proiectpoorefactorized\proiectpoo\debug\zona.obj
c:\users\thepr\desktop\proiectpoorefactorized\proiectpoo\debug\timp.obj
c:\users\thepr\desktop\proiectpoorefactorized\proiectpoo\debug\proiectpoo.obj
c:\users\thepr\desktop\proiectpoorefactorized\proiectpoo\debug\maestrueveniment.obj
c:\users\thepr\desktop\proiectpoorefactorized\proiectpoo\debug\locatie.obj
c:\users\thepr\desktop\proiectpoorefactorized\proiectpoo\debug\facilitatilocatie.obj
c:\users\thepr\desktop\proiectpoorefactorized\proiectpoo\debug\eveniment.obj
c:\users\thepr\desktop\proiectpoorefactorized\proiectpoo\debug\data.obj
c:\users\thepr\desktop\proiectpoorefactorized\proiectpoo\debug\bilet.obj
c:\users\thepr\desktop\proiectpoorefactorized\proiectpoo\debug\proiectpoo.ilk
c:\users\thepr\desktop\proiectpoorefactorized\proiectpoo\debug\proiectpoo.exe
c:\users\thepr\desktop\proiectpoorefactorized\proiectpoo\debug\proiectpoo.pdb
c:\users\thepr\desktop\proiectpoorefactorized\proiectpoo\debug\proiectpoo.tlog\cl.command.1.tlog
c:\users\thepr\desktop\proiectpoorefactorized\proiectpoo\debug\proiectpoo.tlog\cl.read.1.tlog
c:\users\thepr\desktop\proiectpoorefactorized\proiectpoo\debug\proiectpoo.tlog\cl.write.1.tlog
c:\users\thepr\desktop\proiectpoorefactorized\proiectpoo\debug\proiectpoo.tlog\link.command.1.tlog
c:\users\thepr\desktop\proiectpoorefactorized\proiectpoo\debug\proiectpoo.tlog\link.read.1.tlog
c:\users\thepr\desktop\proiectpoorefactorized\proiectpoo\debug\proiectpoo.tlog\link.write.1.tlog
